Output from QualFilterFastq.pl
Checked 1360646 reads.
3024 failed.
1357622 passed.
0.00222247373673975 rejection rate.
Writing sequences to output...
Done.
1357622 sequences written to output.
Fri Jul 27 18:45:35 MDT 2018
Output from QualFilterFastq.pl
Checked 685682 reads.
2203 failed.
683479 passed.
0.00321285960547309 rejection rate.
Writing sequences to output...
Done.
683479 sequences written to output.
Fri Jul 27 18:52:15 MDT 2018
Output from QualFilterFastq.pl
Checked 606126 reads.
2185 failed.
603941 passed.
0.00360486103549427 rejection rate.
Writing sequences to output...
Done.
603941 sequences written to output.
Fri Jul 27 18:58:10 MDT 2018
Output from QualFilterFastq.pl
Checked 400810 reads.
1812 failed.
398998 passed.
0.00452084528829121 rejection rate.
Writing sequences to output...
Done.
398998 sequences written to output.
Fri Jul 27 19:02:04 MDT 2018
Output from QualFilterFastq.pl
Checked 601728 reads.
1694 failed.
600034 passed.
0.00281522548393959 rejection rate.
Writing sequences to output...
Done.
600034 sequences written to output.
Fri Jul 27 19:07:56 MDT 2018
Output from QualFilterFastq.pl
Checked 447905 reads.
2444 failed.
445461 passed.
0.00545651421618424 rejection rate.
Writing sequences to output...
Done.
445461 sequences written to output.
Fri Jul 27 19:12:16 MDT 2018
Output from QualFilterFastq.pl
Checked 1425419 reads.
4501 failed.
1420918 passed.
0.00315766802603305 rejection rate.
Writing sequences to output...
Done.
1420918 sequences written to output.
Fri Jul 27 19:26:25 MDT 2018
Output from QualFilterFastq.pl
Checked 1861810 reads.
5896 failed.
1855914 passed.
0.00316681079164899 rejection rate.
Writing sequences to output...
Done.
1855914 sequences written to output.
Fri Jul 27 19:44:30 MDT 2018
Output from QualFilterFastq.pl
Checked 1718169 reads.
6231 failed.
1711938 passed.
0.00362653499161025 rejection rate.
Writing sequences to output...
Done.
1711938 sequences written to output.
Fri Jul 27 20:01:10 MDT 2018
Output from QualFilterFastq.pl
Checked 1505452 reads.
4410 failed.
1501042 passed.
0.0029293527790989 rejection rate.
Writing sequences to output...
Done.
1501042 sequences written to output.
Fri Jul 27 20:15:51 MDT 2018
Output from QualFilterFastq.pl
Checked 2821973 reads.
7007 failed.
2814966 passed.
0.0024830145433709 rejection rate.
Writing sequences to output...
Done.
2814966 sequences written to output.
Fri Jul 27 20:43:09 MDT 2018
Output from QualFilterFastq.pl
Checked 3370154 reads.
6811 failed.
3363343 passed.
0.00202097589605698 rejection rate.
Writing sequences to output...
Done.
3363343 sequences written to output.
Fri Jul 27 21:15:47 MDT 2018
Output from QualFilterFastq.pl
Checked 1781689 reads.
5769 failed.
1775920 passed.
0.00323793883219799 rejection rate.
Writing sequences to output...
Done.
1775920 sequences written to output.
Fri Jul 27 21:33:04 MDT 2018
Output from QualFilterFastq.pl
Checked 1335789 reads.
4323 failed.
1331466 passed.
0.00323628956369606 rejection rate.
Writing sequences to output...
Done.
1331466 sequences written to output.
Fri Jul 27 21:46:07 MDT 2018
Output from QualFilterFastq.pl
Checked 2579021 reads.
6526 failed.
2572495 passed.
0.00253041754991526 rejection rate.
Writing sequences to output...
Done.
2572495 sequences written to output.
Fri Jul 27 22:11:39 MDT 2018
Output from QualFilterFastq.pl
Checked 2109580 reads.
6173 failed.
2103407 passed.
0.00292617487841182 rejection rate.
Writing sequences to output...
Done.
2103407 sequences written to output.
Fri Jul 27 22:32:02 MDT 2018
Output from QualFilterFastq.pl
Checked 4830885 reads.
11263 failed.
4819622 passed.
0.00233145686556397 rejection rate.
Writing sequences to output...
Done.
4819622 sequences written to output.
Fri Jul 27 23:18:24 MDT 2018
