Output from QualFilterFastq.pl
Checked 3824808 reads.
9647 failed.
3815161 passed.
0.00252221810872598 rejection rate.
Writing sequences to output...
Done.
3815161 sequences written to output.
Fri Jul 27 19:10:32 MDT 2018
Output from QualFilterFastq.pl
Checked 4987812 reads.
13554 failed.
4974258 passed.
0.00271742399272467 rejection rate.
Writing sequences to output...
Done.
4974258 sequences written to output.
Fri Jul 27 19:58:13 MDT 2018
Output from QualFilterFastq.pl
Checked 4172708 reads.
10105 failed.
4162603 passed.
0.00242168874505477 rejection rate.
Writing sequences to output...
Done.
4162603 sequences written to output.
Fri Jul 27 20:37:47 MDT 2018
Output from QualFilterFastq.pl
Checked 5251370 reads.
13888 failed.
5237482 passed.
0.0026446432073916 rejection rate.
Writing sequences to output...
Done.
5237482 sequences written to output.
Fri Jul 27 21:27:12 MDT 2018
Output from QualFilterFastq.pl
Checked 4321414 reads.
11806 failed.
4309608 passed.
0.00273197615410141 rejection rate.
Writing sequences to output...
Done.
4309608 sequences written to output.
Fri Jul 27 22:07:55 MDT 2018
Output from QualFilterFastq.pl
Checked 2669595 reads.
8453 failed.
2661142 passed.
0.00316639789930682 rejection rate.
Writing sequences to output...
Done.
2661142 sequences written to output.
Fri Jul 27 22:33:45 MDT 2018
Output from QualFilterFastq.pl
Checked 1867445 reads.
4579 failed.
1862866 passed.
0.00245201331230639 rejection rate.
Writing sequences to output...
Done.
1862866 sequences written to output.
Fri Jul 27 22:51:35 MDT 2018
Output from QualFilterFastq.pl
Checked 2963257 reads.
7022 failed.
2956235 passed.
0.00236968983790471 rejection rate.
Writing sequences to output...
Done.
2956235 sequences written to output.
Fri Jul 27 23:19:53 MDT 2018
Output from QualFilterFastq.pl
Checked 2546658 reads.
7437 failed.
2539221 passed.
0.00292029789630174 rejection rate.
Writing sequences to output...
Done.
2539221 sequences written to output.
Fri Jul 27 23:44:12 MDT 2018
Output from QualFilterFastq.pl
Checked 4635651 reads.
10452 failed.
4625199 passed.
0.00225469950175283 rejection rate.
Writing sequences to output...
Done.
4625199 sequences written to output.
Sat Jul 28 00:28:16 MDT 2018
Output from QualFilterFastq.pl
Checked 5402390 reads.
14178 failed.
5388212 passed.
0.00262439401820305 rejection rate.
Writing sequences to output...
Done.
5388212 sequences written to output.
Sat Jul 28 01:20:10 MDT 2018
Output from QualFilterFastq.pl
Checked 2127542 reads.
6775 failed.
2120767 passed.
0.00318442597137918 rejection rate.
Writing sequences to output...
Done.
2120767 sequences written to output.
Sat Jul 28 01:39:59 MDT 2018
Output from QualFilterFastq.pl
Checked 953603 reads.
3020 failed.
950583 passed.
0.00316693634562811 rejection rate.
Writing sequences to output...
Done.
950583 sequences written to output.
Sat Jul 28 01:49:08 MDT 2018
Output from QualFilterFastq.pl
Checked 1549451 reads.
4150 failed.
1545301 passed.
0.00267836801551001 rejection rate.
Writing sequences to output...
Done.
1545301 sequences written to output.
Sat Jul 28 02:04:01 MDT 2018
Output from QualFilterFastq.pl
Checked 1454735 reads.
4600 failed.
1450135 passed.
0.00316208794041526 rejection rate.
Writing sequences to output...
Done.
1450135 sequences written to output.
Sat Jul 28 02:18:02 MDT 2018
Output from QualFilterFastq.pl
Checked 1670417 reads.
5633 failed.
1664784 passed.
0.00337221184889761 rejection rate.
Writing sequences to output...
Done.
1664784 sequences written to output.
Sat Jul 28 02:34:14 MDT 2018
Output from QualFilterFastq.pl
Checked 4449102 reads.
11944 failed.
4437158 passed.
0.00268458668738096 rejection rate.
Writing sequences to output...
Done.
4437158 sequences written to output.
Sat Jul 28 03:17:13 MDT 2018
