Output from QualFilterFastq.pl
Checked 852747 reads.
5686 failed.
847061 passed.
0.00666786280104181 rejection rate.
Writing sequences to output...
Done.
847061 sequences written to output.
Fri Jul 27 18:41:09 MDT 2018
Output from QualFilterFastq.pl
Checked 3153726 reads.
9051 failed.
3144675 passed.
0.00286993860595372 rejection rate.
Writing sequences to output...
Done.
3144675 sequences written to output.
Fri Jul 27 19:11:09 MDT 2018
Output from QualFilterFastq.pl
Checked 2539716 reads.
6420 failed.
2533296 passed.
0.00252784169568566 rejection rate.
Writing sequences to output...
Done.
2533296 sequences written to output.
Fri Jul 27 19:35:26 MDT 2018
Output from QualFilterFastq.pl
Checked 2421986 reads.
9748 failed.
2412238 passed.
0.00402479617966413 rejection rate.
Writing sequences to output...
Done.
2412238 sequences written to output.
Fri Jul 27 19:58:26 MDT 2018
Output from QualFilterFastq.pl
Checked 2561395 reads.
8938 failed.
2552457 passed.
0.00348950474253288 rejection rate.
Writing sequences to output...
Done.
2552457 sequences written to output.
Fri Jul 27 20:22:59 MDT 2018
Output from QualFilterFastq.pl
Checked 2083248 reads.
7134 failed.
2076114 passed.
0.00342446026589249 rejection rate.
Writing sequences to output...
Done.
2076114 sequences written to output.
Fri Jul 27 20:42:48 MDT 2018
Output from QualFilterFastq.pl
Checked 2612923 reads.
8489 failed.
2604434 passed.
0.00324885195621915 rejection rate.
Writing sequences to output...
Done.
2604434 sequences written to output.
Fri Jul 27 21:08:22 MDT 2018
Output from QualFilterFastq.pl
Checked 2900055 reads.
9197 failed.
2890858 passed.
0.00317131916463653 rejection rate.
Writing sequences to output...
Done.
2890858 sequences written to output.
Fri Jul 27 21:36:02 MDT 2018
Output from QualFilterFastq.pl
Checked 1869877 reads.
6475 failed.
1863402 passed.
0.00346279461162419 rejection rate.
Writing sequences to output...
Done.
1863402 sequences written to output.
Fri Jul 27 21:53:48 MDT 2018
Output from QualFilterFastq.pl
Checked 1701601 reads.
5338 failed.
1696263 passed.
0.00313704564113444 rejection rate.
Writing sequences to output...
Done.
1696263 sequences written to output.
Fri Jul 27 22:10:09 MDT 2018
Output from QualFilterFastq.pl
Checked 2157262 reads.
8034 failed.
2149228 passed.
0.00372416516862579 rejection rate.
Writing sequences to output...
Done.
2149228 sequences written to output.
Fri Jul 27 22:30:40 MDT 2018
Output from QualFilterFastq.pl
Checked 3169807 reads.
9496 failed.
3160311 passed.
0.00299576598827626 rejection rate.
Writing sequences to output...
Done.
3160311 sequences written to output.
Fri Jul 27 23:00:52 MDT 2018
Output from QualFilterFastq.pl
Checked 3634264 reads.
9572 failed.
3624692 passed.
0.00263382076811151 rejection rate.
Writing sequences to output...
Done.
3624692 sequences written to output.
Fri Jul 27 23:35:21 MDT 2018
Output from QualFilterFastq.pl
Checked 2874306 reads.
7459 failed.
2866847 passed.
0.00259506120781851 rejection rate.
Writing sequences to output...
Done.
2866847 sequences written to output.
Sat Jul 28 00:02:46 MDT 2018
Output from QualFilterFastq.pl
Checked 2231036 reads.
6543 failed.
2224493 passed.
0.00293271825286549 rejection rate.
Writing sequences to output...
Done.
2224493 sequences written to output.
Sat Jul 28 00:24:03 MDT 2018
Output from QualFilterFastq.pl
Checked 2555610 reads.
7798 failed.
2547812 passed.
0.00305132629783105 rejection rate.
Writing sequences to output...
Done.
2547812 sequences written to output.
Sat Jul 28 00:48:20 MDT 2018
Output from QualFilterFastq.pl
Checked 2921820 reads.
9443 failed.
2912377 passed.
0.00323188971257641 rejection rate.
Writing sequences to output...
Done.
2912377 sequences written to output.
Sat Jul 28 01:15:56 MDT 2018
