Output from QualFilterFastq.pl
Checked 2027601 reads.
8991 failed.
2018610 passed.
0.00443430438237109 rejection rate.
Writing sequences to output...
Done.
2018610 sequences written to output.
Fri Jul 27 18:53:29 MDT 2018
Output from QualFilterFastq.pl
Checked 3343296 reads.
12995 failed.
3330301 passed.
0.003886882884435 rejection rate.
Writing sequences to output...
Done.
3330301 sequences written to output.
Fri Jul 27 19:26:03 MDT 2018
Output from QualFilterFastq.pl
Checked 4058707 reads.
14674 failed.
4044033 passed.
0.0036154371330574 rejection rate.
Writing sequences to output...
Done.
4044033 sequences written to output.
Fri Jul 27 20:05:32 MDT 2018
Output from QualFilterFastq.pl
Checked 3537620 reads.
12569 failed.
3525051 passed.
0.0035529536807232 rejection rate.
Writing sequences to output...
Done.
3525051 sequences written to output.
Fri Jul 27 20:39:43 MDT 2018
Output from QualFilterFastq.pl
Checked 2407063 reads.
10023 failed.
2397040 passed.
0.00416399570763208 rejection rate.
Writing sequences to output...
Done.
2397040 sequences written to output.
Fri Jul 27 21:03:03 MDT 2018
Output from QualFilterFastq.pl
Checked 1758120 reads.
8115 failed.
1750005 passed.
0.00461572588901781 rejection rate.
Writing sequences to output...
Done.
1750005 sequences written to output.
Fri Jul 27 21:20:07 MDT 2018
Output from QualFilterFastq.pl
Checked 1640353 reads.
9433 failed.
1630920 passed.
0.00575059148853936 rejection rate.
Writing sequences to output...
Done.
1630920 sequences written to output.
Fri Jul 27 21:35:57 MDT 2018
Output from QualFilterFastq.pl
Checked 3076254 reads.
8692 failed.
3067562 passed.
0.00282551440810804 rejection rate.
Writing sequences to output...
Done.
3067562 sequences written to output.
Fri Jul 27 22:05:51 MDT 2018
Output from QualFilterFastq.pl
Checked 3118768 reads.
11701 failed.
3107067 passed.
0.00375180199360773 rejection rate.
Writing sequences to output...
Done.
3107067 sequences written to output.
Fri Jul 27 22:35:58 MDT 2018
Output from QualFilterFastq.pl
Checked 3019769 reads.
10606 failed.
3009163 passed.
0.0035121891773841 rejection rate.
Writing sequences to output...
Done.
3009163 sequences written to output.
Fri Jul 27 23:05:14 MDT 2018
Output from QualFilterFastq.pl
Checked 2684725 reads.
8516 failed.
2676209 passed.
0.00317201948057995 rejection rate.
Writing sequences to output...
Done.
2676209 sequences written to output.
Fri Jul 27 23:31:14 MDT 2018
Output from QualFilterFastq.pl
Checked 3246289 reads.
9781 failed.
3236508 passed.
0.00301297881981549 rejection rate.
Writing sequences to output...
Done.
3236508 sequences written to output.
Sat Jul 28 00:02:25 MDT 2018
Output from QualFilterFastq.pl
Checked 3342767 reads.
9002 failed.
3333765 passed.
0.00269297860126057 rejection rate.
Writing sequences to output...
Done.
3333765 sequences written to output.
Sat Jul 28 00:34:40 MDT 2018
Output from QualFilterFastq.pl
Checked 6307387 reads.
17562 failed.
6289825 passed.
0.00278435428173347 rejection rate.
Writing sequences to output...
Done.
6289825 sequences written to output.
Sat Jul 28 01:34:46 MDT 2018
Output from QualFilterFastq.pl
Checked 6649106 reads.
19968 failed.
6629138 passed.
0.00300311049335053 rejection rate.
Writing sequences to output...
Done.
6629138 sequences written to output.
Sat Jul 28 02:40:18 MDT 2018
Output from QualFilterFastq.pl
Checked 6785637 reads.
16103 failed.
6769534 passed.
0.00237310071257864 rejection rate.
Writing sequences to output...
Done.
6769534 sequences written to output.
Sat Jul 28 03:46:18 MDT 2018
Output from QualFilterFastq.pl
Checked 6824027 reads.
14926 failed.
6809101 passed.
0.00218727153336292 rejection rate.
Writing sequences to output...
Done.
6809101 sequences written to output.
Sat Jul 28 04:52:35 MDT 2018
