Output from QualFilterFastq.pl
Checked 2698148 reads.
7417 failed.
2690731 passed.
0.00274892259431284 rejection rate.
Writing sequences to output...
Done.
2690731 sequences written to output.
Fri Jul 27 18:57:48 MDT 2018
Output from QualFilterFastq.pl
Checked 2927362 reads.
8251 failed.
2919111 passed.
0.00281857863837817 rejection rate.
Writing sequences to output...
Done.
2919111 sequences written to output.
Fri Jul 27 19:25:22 MDT 2018
Output from QualFilterFastq.pl
Checked 5437641 reads.
11879 failed.
5425762 passed.
0.00218458702955933 rejection rate.
Writing sequences to output...
Done.
5425762 sequences written to output.
Fri Jul 27 20:17:38 MDT 2018
Output from QualFilterFastq.pl
Checked 3843640 reads.
7156 failed.
3836484 passed.
0.00186177685735397 rejection rate.
Writing sequences to output...
Done.
3836484 sequences written to output.
Fri Jul 27 20:55:36 MDT 2018
Output from QualFilterFastq.pl
Checked 1128377 reads.
4028 failed.
1124349 passed.
0.00356972891152514 rejection rate.
Writing sequences to output...
Done.
1124349 sequences written to output.
Fri Jul 27 21:06:54 MDT 2018
Output from QualFilterFastq.pl
Checked 1358165 reads.
4251 failed.
1353914 passed.
0.00312995843656699 rejection rate.
Writing sequences to output...
Done.
1353914 sequences written to output.
Fri Jul 27 21:20:07 MDT 2018
Output from QualFilterFastq.pl
Checked 1285746 reads.
3741 failed.
1282005 passed.
0.00290959489665922 rejection rate.
Writing sequences to output...
Done.
1282005 sequences written to output.
Fri Jul 27 21:32:21 MDT 2018
Output from QualFilterFastq.pl
Checked 866190 reads.
3611 failed.
862579 passed.
0.00416883131876378 rejection rate.
Writing sequences to output...
Done.
862579 sequences written to output.
Fri Jul 27 21:40:23 MDT 2018
Output from QualFilterFastq.pl
Checked 885103 reads.
2851 failed.
882252 passed.
0.00322109404216232 rejection rate.
Writing sequences to output...
Done.
882252 sequences written to output.
Fri Jul 27 21:48:35 MDT 2018
Output from QualFilterFastq.pl
Checked 978090 reads.
3286 failed.
974804 passed.
0.00335960903393348 rejection rate.
Writing sequences to output...
Done.
974804 sequences written to output.
Fri Jul 27 21:57:41 MDT 2018
Output from QualFilterFastq.pl
Checked 872332 reads.
2736 failed.
869596 passed.
0.00313642053713494 rejection rate.
Writing sequences to output...
Done.
869596 sequences written to output.
Fri Jul 27 22:05:45 MDT 2018
Output from QualFilterFastq.pl
Checked 2907971 reads.
8695 failed.
2899276 passed.
0.00299005732863223 rejection rate.
Writing sequences to output...
Done.
2899276 sequences written to output.
Fri Jul 27 22:33:06 MDT 2018
Output from QualFilterFastq.pl
Checked 1031094 reads.
3426 failed.
1027668 passed.
0.00332268444972039 rejection rate.
Writing sequences to output...
Done.
1027668 sequences written to output.
Fri Jul 27 22:42:42 MDT 2018
Output from QualFilterFastq.pl
Checked 1009350 reads.
3215 failed.
1006135 passed.
0.00318521820973894 rejection rate.
Writing sequences to output...
Done.
1006135 sequences written to output.
Fri Jul 27 22:52:10 MDT 2018
Output from QualFilterFastq.pl
Checked 1161108 reads.
3915 failed.
1157193 passed.
0.00337177936936099 rejection rate.
Writing sequences to output...
Done.
1157193 sequences written to output.
Fri Jul 27 23:03:04 MDT 2018
Output from QualFilterFastq.pl
Checked 1146933 reads.
3715 failed.
1143218 passed.
0.00323907325013754 rejection rate.
Writing sequences to output...
Done.
1143218 sequences written to output.
Fri Jul 27 23:13:34 MDT 2018
