Output from QualFilterFastq.pl
Checked 2103666 reads.
8495 failed.
2095171 passed.
0.00403818857175997 rejection rate.
Writing sequences to output...
Done.
2095171 sequences written to output.
Fri Jul 27 18:52:51 MDT 2018
Output from QualFilterFastq.pl
Checked 2627118 reads.
7756 failed.
2619362 passed.
0.00295228459475364 rejection rate.
Writing sequences to output...
Done.
2619362 sequences written to output.
Fri Jul 27 19:17:56 MDT 2018
Output from QualFilterFastq.pl
Checked 2187973 reads.
6948 failed.
2181025 passed.
0.00317554192853385 rejection rate.
Writing sequences to output...
Done.
2181025 sequences written to output.
Fri Jul 27 19:38:55 MDT 2018
Output from QualFilterFastq.pl
Checked 2085087 reads.
7045 failed.
2078042 passed.
0.00337875589843493 rejection rate.
Writing sequences to output...
Done.
2078042 sequences written to output.
Fri Jul 27 19:58:46 MDT 2018
Output from QualFilterFastq.pl
Checked 2073685 reads.
6389 failed.
2067296 passed.
0.0030809886747505 rejection rate.
Writing sequences to output...
Done.
2067296 sequences written to output.
Fri Jul 27 20:18:33 MDT 2018
Output from QualFilterFastq.pl
Checked 2200811 reads.
6145 failed.
2194666 passed.
0.00279215252922673 rejection rate.
Writing sequences to output...
Done.
2194666 sequences written to output.
Fri Jul 27 20:39:32 MDT 2018
Output from QualFilterFastq.pl
Checked 1711111 reads.
4702 failed.
1706409 passed.
0.00274792225635859 rejection rate.
Writing sequences to output...
Done.
1706409 sequences written to output.
Fri Jul 27 20:55:54 MDT 2018
Output from QualFilterFastq.pl
Checked 4497399 reads.
11648 failed.
4485751 passed.
0.00258994143059133 rejection rate.
Writing sequences to output...
Done.
4485751 sequences written to output.
Fri Jul 27 21:38:37 MDT 2018
Output from QualFilterFastq.pl
Checked 2270838 reads.
6413 failed.
2264425 passed.
0.00282406759090697 rejection rate.
Writing sequences to output...
Done.
2264425 sequences written to output.
Fri Jul 27 22:00:07 MDT 2018
Output from QualFilterFastq.pl
Checked 2474708 reads.
6402 failed.
2468306 passed.
0.0025869718770861 rejection rate.
Writing sequences to output...
Done.
2468306 sequences written to output.
Fri Jul 27 22:23:45 MDT 2018
Output from QualFilterFastq.pl
Checked 1482255 reads.
5433 failed.
1476822 passed.
0.0036653612232713 rejection rate.
Writing sequences to output...
Done.
1476822 sequences written to output.
Fri Jul 27 22:37:51 MDT 2018
Output from QualFilterFastq.pl
Checked 2021908 reads.
5247 failed.
2016661 passed.
0.00259507356417799 rejection rate.
Writing sequences to output...
Done.
2016661 sequences written to output.
Fri Jul 27 22:57:07 MDT 2018
Output from QualFilterFastq.pl
Checked 2185606 reads.
6346 failed.
2179260 passed.
0.00290354254151938 rejection rate.
Writing sequences to output...
Done.
2179260 sequences written to output.
Fri Jul 27 23:18:02 MDT 2018
Output from QualFilterFastq.pl
Checked 1549296 reads.
6641 failed.
1542655 passed.
0.00428646301287811 rejection rate.
Writing sequences to output...
Done.
1542655 sequences written to output.
Fri Jul 27 23:32:44 MDT 2018
Output from QualFilterFastq.pl
Checked 2196242 reads.
6169 failed.
2190073 passed.
0.00280888900221378 rejection rate.
Writing sequences to output...
Done.
2190073 sequences written to output.
Fri Jul 27 23:53:38 MDT 2018
Output from QualFilterFastq.pl
Checked 2209037 reads.
5035 failed.
2204002 passed.
0.00227927372877865 rejection rate.
Writing sequences to output...
Done.
2204002 sequences written to output.
Sat Jul 28 00:14:52 MDT 2018
Output from QualFilterFastq.pl
Checked 2671627 reads.
9532 failed.
2662095 passed.
0.00356786332822658 rejection rate.
Writing sequences to output...
Done.
2662095 sequences written to output.
Sat Jul 28 00:40:11 MDT 2018
