Output from QualFilterFastq.pl
Checked 2957510 reads.
9641 failed.
2947869 passed.
0.00325983682219164 rejection rate.
Writing sequences to output...
Done.
2947869 sequences written to output.
Fri Jul 27 18:31:46 MDT 2018
Output from QualFilterFastq.pl
Checked 2396964 reads.
6247 failed.
2390717 passed.
0.00260621352677804 rejection rate.
Writing sequences to output...
Done.
2390717 sequences written to output.
Fri Jul 27 18:55:11 MDT 2018
Output from QualFilterFastq.pl
Checked 654191 reads.
2022 failed.
652169 passed.
0.00309084044262303 rejection rate.
Writing sequences to output...
Done.
652169 sequences written to output.
Fri Jul 27 19:01:33 MDT 2018
Output from QualFilterFastq.pl
Checked 1223627 reads.
3794 failed.
1219833 passed.
0.00310061808050983 rejection rate.
Writing sequences to output...
Done.
1219833 sequences written to output.
Fri Jul 27 19:13:22 MDT 2018
Output from QualFilterFastq.pl
Checked 897634 reads.
2722 failed.
894912 passed.
0.00303241633004097 rejection rate.
Writing sequences to output...
Done.
894912 sequences written to output.
Fri Jul 27 19:22:03 MDT 2018
Output from QualFilterFastq.pl
Checked 3620739 reads.
9569 failed.
3611170 passed.
0.0026428306486604 rejection rate.
Writing sequences to output...
Done.
3611170 sequences written to output.
Fri Jul 27 19:57:14 MDT 2018
Output from QualFilterFastq.pl
Checked 2583253 reads.
8157 failed.
2575096 passed.
0.00315764657971945 rejection rate.
Writing sequences to output...
Done.
2575096 sequences written to output.
Fri Jul 27 20:22:05 MDT 2018
Output from QualFilterFastq.pl
Checked 2335837 reads.
6265 failed.
2329572 passed.
0.00268212208300494 rejection rate.
Writing sequences to output...
Done.
2329572 sequences written to output.
Fri Jul 27 20:44:22 MDT 2018
Output from QualFilterFastq.pl
Checked 2653349 reads.
5588 failed.
2647761 passed.
0.00210601771572454 rejection rate.
Writing sequences to output...
Done.
2647761 sequences written to output.
Fri Jul 27 21:09:55 MDT 2018
Output from QualFilterFastq.pl
Checked 1518340 reads.
5303 failed.
1513037 passed.
0.0034926301091982 rejection rate.
Writing sequences to output...
Done.
1513037 sequences written to output.
Fri Jul 27 21:24:21 MDT 2018
Output from QualFilterFastq.pl
Checked 1541750 reads.
4644 failed.
1537106 passed.
0.00301216150478353 rejection rate.
Writing sequences to output...
Done.
1537106 sequences written to output.
Fri Jul 27 21:39:08 MDT 2018
Output from QualFilterFastq.pl
Checked 1881956 reads.
4769 failed.
1877187 passed.
0.00253406562108785 rejection rate.
Writing sequences to output...
Done.
1877187 sequences written to output.
Fri Jul 27 21:57:08 MDT 2018
Output from QualFilterFastq.pl
Checked 2943661 reads.
7004 failed.
2936657 passed.
0.00237935006782371 rejection rate.
Writing sequences to output...
Done.
2936657 sequences written to output.
Fri Jul 27 22:25:29 MDT 2018
Output from QualFilterFastq.pl
Checked 2482231 reads.
6370 failed.
2475861 passed.
0.00256623980604545 rejection rate.
Writing sequences to output...
Done.
2475861 sequences written to output.
Fri Jul 27 22:49:15 MDT 2018
Output from QualFilterFastq.pl
Checked 419582 reads.
1915 failed.
417667 passed.
0.00456406614201753 rejection rate.
Writing sequences to output...
Done.
417667 sequences written to output.
Fri Jul 27 22:53:15 MDT 2018
Output from QualFilterFastq.pl
Checked 2751988 reads.
6113 failed.
2745875 passed.
0.00222130329056667 rejection rate.
Writing sequences to output...
Done.
2745875 sequences written to output.
Fri Jul 27 23:19:54 MDT 2018
Output from QualFilterFastq.pl
Checked 3675651 reads.
8414 failed.
3667237 passed.
0.00228911830856629 rejection rate.
Writing sequences to output...
Done.
3667237 sequences written to output.
Fri Jul 27 23:54:46 MDT 2018
