Output from QualFilterFastq.pl
Checked 2046650 reads.
6994 failed.
2039656 passed.
0.00341729167175628 rejection rate.
Writing sequences to output...
Done.
2039656 sequences written to output.
Fri Jul 27 19:01:40 MDT 2018
Output from QualFilterFastq.pl
Checked 1881604 reads.
6393 failed.
1875211 passed.
0.003397633083263 rejection rate.
Writing sequences to output...
Done.
1875211 sequences written to output.
Fri Jul 27 19:20:15 MDT 2018
Output from QualFilterFastq.pl
Checked 3367066 reads.
8521 failed.
3358545 passed.
0.00253068992410603 rejection rate.
Writing sequences to output...
Done.
3358545 sequences written to output.
Fri Jul 27 19:53:48 MDT 2018
Output from QualFilterFastq.pl
Checked 2367745 reads.
5618 failed.
2362127 passed.
0.00237272172467897 rejection rate.
Writing sequences to output...
Done.
2362127 sequences written to output.
Fri Jul 27 20:16:37 MDT 2018
Output from QualFilterFastq.pl
Checked 2698430 reads.
8361 failed.
2690069 passed.
0.00309846836864399 rejection rate.
Writing sequences to output...
Done.
2690069 sequences written to output.
Fri Jul 27 20:43:17 MDT 2018
Output from QualFilterFastq.pl
Checked 2335980 reads.
6111 failed.
2329869 passed.
0.0026160326715126 rejection rate.
Writing sequences to output...
Done.
2329869 sequences written to output.
Fri Jul 27 21:06:00 MDT 2018
Output from QualFilterFastq.pl
Checked 2661482 reads.
7124 failed.
2654358 passed.
0.00267670418210606 rejection rate.
Writing sequences to output...
Done.
2654358 sequences written to output.
Fri Jul 27 21:31:43 MDT 2018
Output from QualFilterFastq.pl
Checked 3055814 reads.
8382 failed.
3047432 passed.
0.00274296799477979 rejection rate.
Writing sequences to output...
Done.
3047432 sequences written to output.
Fri Jul 27 22:01:11 MDT 2018
Output from QualFilterFastq.pl
Checked 2274946 reads.
5901 failed.
2269045 passed.
0.00259390772352399 rejection rate.
Writing sequences to output...
Done.
2269045 sequences written to output.
Fri Jul 27 22:23:16 MDT 2018
Output from QualFilterFastq.pl
Checked 2690931 reads.
7186 failed.
2683745 passed.
0.00267045123044775 rejection rate.
Writing sequences to output...
Done.
2683745 sequences written to output.
Fri Jul 27 22:50:03 MDT 2018
Output from QualFilterFastq.pl
Checked 2873013 reads.
7806 failed.
2865207 passed.
0.00271700824187012 rejection rate.
Writing sequences to output...
Done.
2865207 sequences written to output.
Fri Jul 27 23:17:48 MDT 2018
Output from QualFilterFastq.pl
Checked 2542270 reads.
6481 failed.
2535789 passed.
0.00254929649486483 rejection rate.
Writing sequences to output...
Done.
2535789 sequences written to output.
Fri Jul 27 23:42:14 MDT 2018
Output from QualFilterFastq.pl
Checked 2649036 reads.
5307 failed.
2643729 passed.
0.00200337028262357 rejection rate.
Writing sequences to output...
Done.
2643729 sequences written to output.
Sat Jul 28 00:07:56 MDT 2018
Output from QualFilterFastq.pl
Checked 1604907 reads.
4396 failed.
1600511 passed.
0.00273909952414688 rejection rate.
Writing sequences to output...
Done.
1600511 sequences written to output.
Sat Jul 28 00:23:25 MDT 2018
Output from QualFilterFastq.pl
Checked 2037354 reads.
5122 failed.
2032232 passed.
0.00251404517820663 rejection rate.
Writing sequences to output...
Done.
2032232 sequences written to output.
Sat Jul 28 00:43:11 MDT 2018
Output from QualFilterFastq.pl
Checked 1805767 reads.
4792 failed.
1800975 passed.
0.00265371999820575 rejection rate.
Writing sequences to output...
Done.
1800975 sequences written to output.
Sat Jul 28 01:00:59 MDT 2018
Output from QualFilterFastq.pl
Checked 1798949 reads.
4563 failed.
1794386 passed.
0.00253648102308626 rejection rate.
Writing sequences to output...
Done.
1794386 sequences written to output.
Sat Jul 28 01:18:15 MDT 2018
