Output from QualFilterFastq.pl
Checked 2286884 reads.
7291 failed.
2279593 passed.
0.00318818094839966 rejection rate.
Writing sequences to output...
Done.
2279593 sequences written to output.
Fri Jul 27 18:25:48 MDT 2018
Output from QualFilterFastq.pl
Checked 2407836 reads.
5650 failed.
2402186 passed.
0.00234650532677475 rejection rate.
Writing sequences to output...
Done.
2402186 sequences written to output.
Fri Jul 27 18:49:17 MDT 2018
Output from QualFilterFastq.pl
Checked 2938777 reads.
10964 failed.
2927813 passed.
0.00373080366424536 rejection rate.
Writing sequences to output...
Done.
2927813 sequences written to output.
Fri Jul 27 19:17:58 MDT 2018
Output from QualFilterFastq.pl
Checked 2680185 reads.
10923 failed.
2669262 passed.
0.00407546493992019 rejection rate.
Writing sequences to output...
Done.
2669262 sequences written to output.
Fri Jul 27 19:43:59 MDT 2018
Output from QualFilterFastq.pl
Checked 2175226 reads.
9390 failed.
2165836 passed.
0.00431679282980251 rejection rate.
Writing sequences to output...
Done.
2165836 sequences written to output.
Fri Jul 27 20:04:52 MDT 2018
Output from QualFilterFastq.pl
Checked 2546270 reads.
9779 failed.
2536491 passed.
0.00384051966209396 rejection rate.
Writing sequences to output...
Done.
2536491 sequences written to output.
Fri Jul 27 20:29:12 MDT 2018
Output from QualFilterFastq.pl
Checked 2470721 reads.
10536 failed.
2460185 passed.
0.00426434227094034 rejection rate.
Writing sequences to output...
Done.
2460185 sequences written to output.
Fri Jul 27 20:52:48 MDT 2018
Output from QualFilterFastq.pl
Checked 2104288 reads.
8944 failed.
2095344 passed.
0.00425036877081464 rejection rate.
Writing sequences to output...
Done.
2095344 sequences written to output.
Fri Jul 27 21:12:52 MDT 2018
Output from QualFilterFastq.pl
Checked 2199290 reads.
8129 failed.
2191161 passed.
0.00369619286224191 rejection rate.
Writing sequences to output...
Done.
2191161 sequences written to output.
Fri Jul 27 21:33:57 MDT 2018
Output from QualFilterFastq.pl
Checked 2557133 reads.
10798 failed.
2546335 passed.
0.00422269784168442 rejection rate.
Writing sequences to output...
Done.
2546335 sequences written to output.
Fri Jul 27 21:58:24 MDT 2018
Output from QualFilterFastq.pl
Checked 3138746 reads.
12030 failed.
3126716 passed.
0.00383274084618507 rejection rate.
Writing sequences to output...
Done.
3126716 sequences written to output.
Fri Jul 27 22:28:33 MDT 2018
Output from QualFilterFastq.pl
Checked 3642241 reads.
10168 failed.
3632073 passed.
0.00279168786469649 rejection rate.
Writing sequences to output...
Done.
3632073 sequences written to output.
Fri Jul 27 23:03:00 MDT 2018
Output from QualFilterFastq.pl
Checked 3044011 reads.
10729 failed.
3033282 passed.
0.00352462589655556 rejection rate.
Writing sequences to output...
Done.
3033282 sequences written to output.
Fri Jul 27 23:32:03 MDT 2018
Output from QualFilterFastq.pl
Checked 3276248 reads.
9711 failed.
3266537 passed.
0.00296406132869062 rejection rate.
Writing sequences to output...
Done.
3266537 sequences written to output.
Sat Jul 28 00:03:23 MDT 2018
Output from QualFilterFastq.pl
Checked 2658273 reads.
10270 failed.
2648003 passed.
0.00386341056768812 rejection rate.
Writing sequences to output...
Done.
2648003 sequences written to output.
Sat Jul 28 00:28:40 MDT 2018
Output from QualFilterFastq.pl
Checked 3138228 reads.
12145 failed.
3126083 passed.
0.003870018367053 rejection rate.
Writing sequences to output...
Done.
3126083 sequences written to output.
Sat Jul 28 00:58:50 MDT 2018
Output from QualFilterFastq.pl
Checked 3018054 reads.
9869 failed.
3008185 passed.
0.00326998787960719 rejection rate.
Writing sequences to output...
Done.
3008185 sequences written to output.
Sat Jul 28 01:27:20 MDT 2018
