Output from QualFilterFastq.pl
Checked 1353336 reads.
4657 failed.
1348679 passed.
0.00344112622438182 rejection rate.
Writing sequences to output...
Done.
1348679 sequences written to output.
Fri Jul 27 18:17:35 MDT 2018
Output from QualFilterFastq.pl
Checked 1576870 reads.
5217 failed.
1571653 passed.
0.00330845282109495 rejection rate.
Writing sequences to output...
Done.
1571653 sequences written to output.
Fri Jul 27 18:32:59 MDT 2018
Output from QualFilterFastq.pl
Checked 3096722 reads.
8946 failed.
3087776 passed.
0.00288886118934796 rejection rate.
Writing sequences to output...
Done.
3087776 sequences written to output.
Fri Jul 27 19:04:14 MDT 2018
Output from QualFilterFastq.pl
Checked 2170960 reads.
5810 failed.
2165150 passed.
0.00267623539816487 rejection rate.
Writing sequences to output...
Done.
2165150 sequences written to output.
Fri Jul 27 19:25:27 MDT 2018
Output from QualFilterFastq.pl
Checked 2048753 reads.
5005 failed.
2043748 passed.
0.00244294944290503 rejection rate.
Writing sequences to output...
Done.
2043748 sequences written to output.
Fri Jul 27 19:45:45 MDT 2018
Output from QualFilterFastq.pl
Checked 2103905 reads.
5969 failed.
2097936 passed.
0.00283710528754863 rejection rate.
Writing sequences to output...
Done.
2097936 sequences written to output.
Fri Jul 27 20:06:11 MDT 2018
Output from QualFilterFastq.pl
Checked 4464273 reads.
9391 failed.
4454882 passed.
0.00210358999102429 rejection rate.
Writing sequences to output...
Done.
4454882 sequences written to output.
Fri Jul 27 20:49:21 MDT 2018
Output from QualFilterFastq.pl
Checked 4788212 reads.
12538 failed.
4775674 passed.
0.00261851396721783 rejection rate.
Writing sequences to output...
Done.
4775674 sequences written to output.
Fri Jul 27 21:35:24 MDT 2018
Output from QualFilterFastq.pl
Checked 12498980 reads.
25347 failed.
12473633 passed.
0.00202792547871906 rejection rate.
Writing sequences to output...
Done.
12473633 sequences written to output.
Fri Jul 27 23:34:39 MDT 2018
Output from QualFilterFastq.pl
Checked 3963186 reads.
10198 failed.
3952988 passed.
0.00257318228314291 rejection rate.
Writing sequences to output...
Done.
3952988 sequences written to output.
Sat Jul 28 00:13:20 MDT 2018
Output from QualFilterFastq.pl
Checked 4656462 reads.
8892 failed.
4647570 passed.
0.00190960433049813 rejection rate.
Writing sequences to output...
Done.
4647570 sequences written to output.
Sat Jul 28 00:57:44 MDT 2018
Output from QualFilterFastq.pl
Checked 1730052 reads.
6958 failed.
1723094 passed.
0.00402184443010962 rejection rate.
Writing sequences to output...
Done.
1723094 sequences written to output.
Sat Jul 28 01:14:32 MDT 2018
Output from QualFilterFastq.pl
Checked 2355000 reads.
6966 failed.
2348034 passed.
0.00295796178343949 rejection rate.
Writing sequences to output...
Done.
2348034 sequences written to output.
Sat Jul 28 01:36:47 MDT 2018
Output from QualFilterFastq.pl
Checked 1106365 reads.
4322 failed.
1102043 passed.
0.00390648655732963 rejection rate.
Writing sequences to output...
Done.
1102043 sequences written to output.
Sat Jul 28 01:47:29 MDT 2018
Output from QualFilterFastq.pl
Checked 1072055 reads.
4503 failed.
1067552 passed.
0.00420034419875846 rejection rate.
Writing sequences to output...
Done.
1067552 sequences written to output.
Sat Jul 28 01:57:52 MDT 2018
Output from QualFilterFastq.pl
Checked 2369465 reads.
8337 failed.
2361128 passed.
0.00351851578309872 rejection rate.
Writing sequences to output...
Done.
2361128 sequences written to output.
Sat Jul 28 02:21:01 MDT 2018
Output from QualFilterFastq.pl
Checked 2372685 reads.
6101 failed.
2366584 passed.
0.00257134849337354 rejection rate.
Writing sequences to output...
Done.
2366584 sequences written to output.
Sat Jul 28 02:44:03 MDT 2018
