Output from QualFilterFastq.pl
Checked 1801988 reads.
5059 failed.
1796929 passed.
0.00280745487761295 rejection rate.
Writing sequences to output...
Done.
1796929 sequences written to output.
Fri Jul 27 18:49:28 MDT 2018
Output from QualFilterFastq.pl
Checked 1267270 reads.
3615 failed.
1263655 passed.
0.00285258863541313 rejection rate.
Writing sequences to output...
Done.
1263655 sequences written to output.
Fri Jul 27 19:01:34 MDT 2018
Output from QualFilterFastq.pl
Checked 1796381 reads.
4021 failed.
1792360 passed.
0.00223838929492129 rejection rate.
Writing sequences to output...
Done.
1792360 sequences written to output.
Fri Jul 27 19:18:41 MDT 2018
Output from QualFilterFastq.pl
Checked 1798526 reads.
5905 failed.
1792621 passed.
0.00328324416772401 rejection rate.
Writing sequences to output...
Done.
1792621 sequences written to output.
Fri Jul 27 19:35:52 MDT 2018
Output from QualFilterFastq.pl
Checked 1707044 reads.
4161 failed.
1702883 passed.
0.00243754701109052 rejection rate.
Writing sequences to output...
Done.
1702883 sequences written to output.
Fri Jul 27 19:52:23 MDT 2018
Output from QualFilterFastq.pl
Checked 1846564 reads.
3851 failed.
1842713 passed.
0.00208549500585953 rejection rate.
Writing sequences to output...
Done.
1842713 sequences written to output.
Fri Jul 27 20:10:01 MDT 2018
Output from QualFilterFastq.pl
Checked 1951399 reads.
4352 failed.
1947047 passed.
0.00223019484995124 rejection rate.
Writing sequences to output...
Done.
1947047 sequences written to output.
Fri Jul 27 20:28:39 MDT 2018
Output from QualFilterFastq.pl
Checked 1584328 reads.
3540 failed.
1580788 passed.
0.00223438580899915 rejection rate.
Writing sequences to output...
Done.
1580788 sequences written to output.
Fri Jul 27 20:43:46 MDT 2018
Output from QualFilterFastq.pl
Checked 2013869 reads.
5530 failed.
2008339 passed.
0.00274595815318673 rejection rate.
Writing sequences to output...
Done.
2008339 sequences written to output.
Fri Jul 27 21:02:56 MDT 2018
Output from QualFilterFastq.pl
Checked 2034021 reads.
5590 failed.
2028431 passed.
0.00274825087843243 rejection rate.
Writing sequences to output...
Done.
2028431 sequences written to output.
Fri Jul 27 21:22:24 MDT 2018
Output from QualFilterFastq.pl
Checked 1838162 reads.
4684 failed.
1833478 passed.
0.00254819760173478 rejection rate.
Writing sequences to output...
Done.
1833478 sequences written to output.
Fri Jul 27 21:39:55 MDT 2018
Output from QualFilterFastq.pl
Checked 2064943 reads.
3703 failed.
2061240 passed.
0.00179326983844106 rejection rate.
Writing sequences to output...
Done.
2061240 sequences written to output.
Fri Jul 27 21:59:35 MDT 2018
Output from QualFilterFastq.pl
Checked 1302992 reads.
5309 failed.
1297683 passed.
0.00407446860763535 rejection rate.
Writing sequences to output...
Done.
1297683 sequences written to output.
Fri Jul 27 22:12:02 MDT 2018
Output from QualFilterFastq.pl
Checked 1455353 reads.
5470 failed.
1449883 passed.
0.00375853830651395 rejection rate.
Writing sequences to output...
Done.
1449883 sequences written to output.
Fri Jul 27 22:25:56 MDT 2018
Output from QualFilterFastq.pl
Checked 2189759 reads.
7138 failed.
2182621 passed.
0.00325971944857859 rejection rate.
Writing sequences to output...
Done.
2182621 sequences written to output.
Fri Jul 27 22:47:00 MDT 2018
Output from QualFilterFastq.pl
Checked 1325158 reads.
4853 failed.
1320305 passed.
0.00366220480878507 rejection rate.
Writing sequences to output...
Done.
1320305 sequences written to output.
Fri Jul 27 22:59:39 MDT 2018
Output from QualFilterFastq.pl
Checked 1489465 reads.
6155 failed.
1483310 passed.
0.00413235624872018 rejection rate.
Writing sequences to output...
Done.
1483310 sequences written to output.
Fri Jul 27 23:14:01 MDT 2018
