Output from QualFilterFastq.pl
Checked 2467303 reads.
7317 failed.
2459986 passed.
0.00296558631023429 rejection rate.
Writing sequences to output...
Done.
2459986 sequences written to output.
Fri Jul 27 18:55:46 MDT 2018
Output from QualFilterFastq.pl
Checked 1777308 reads.
5635 failed.
1771673 passed.
0.00317052531131351 rejection rate.
Writing sequences to output...
Done.
1771673 sequences written to output.
Fri Jul 27 19:12:52 MDT 2018
Output from QualFilterFastq.pl
Checked 2671554 reads.
9979 failed.
2661575 passed.
0.00373527916710649 rejection rate.
Writing sequences to output...
Done.
2661575 sequences written to output.
Fri Jul 27 19:38:46 MDT 2018
Output from QualFilterFastq.pl
Checked 3328728 reads.
10455 failed.
3318273 passed.
0.00314083938369251 rejection rate.
Writing sequences to output...
Done.
3318273 sequences written to output.
Fri Jul 27 20:10:46 MDT 2018
Output from QualFilterFastq.pl
Checked 3079303 reads.
9623 failed.
3069680 passed.
0.00312505784588266 rejection rate.
Writing sequences to output...
Done.
3069680 sequences written to output.
Fri Jul 27 20:40:11 MDT 2018
Output from QualFilterFastq.pl
Checked 2780315 reads.
9077 failed.
2771238 passed.
0.00326473798832147 rejection rate.
Writing sequences to output...
Done.
2771238 sequences written to output.
Fri Jul 27 21:06:46 MDT 2018
Output from QualFilterFastq.pl
Checked 1951900 reads.
8128 failed.
1943772 passed.
0.00416414775347098 rejection rate.
Writing sequences to output...
Done.
1943772 sequences written to output.
Fri Jul 27 21:25:25 MDT 2018
Output from QualFilterFastq.pl
Checked 2390682 reads.
8234 failed.
2382448 passed.
0.0034442054610358 rejection rate.
Writing sequences to output...
Done.
2382448 sequences written to output.
Fri Jul 27 21:48:07 MDT 2018
Output from QualFilterFastq.pl
Checked 2242905 reads.
6909 failed.
2235996 passed.
0.00308038013201629 rejection rate.
Writing sequences to output...
Done.
2235996 sequences written to output.
Fri Jul 27 22:09:33 MDT 2018
Output from QualFilterFastq.pl
Checked 1940999 reads.
8378 failed.
1932621 passed.
0.00431633401150645 rejection rate.
Writing sequences to output...
Done.
1932621 sequences written to output.
Fri Jul 27 22:28:10 MDT 2018
Output from QualFilterFastq.pl
Checked 2401730 reads.
7962 failed.
2393768 passed.
0.00331511035795031 rejection rate.
Writing sequences to output...
Done.
2393768 sequences written to output.
Fri Jul 27 22:50:59 MDT 2018
Output from QualFilterFastq.pl
Checked 1901585 reads.
5775 failed.
1895810 passed.
0.00303694023669728 rejection rate.
Writing sequences to output...
Done.
1895810 sequences written to output.
Fri Jul 27 23:09:01 MDT 2018
Output from QualFilterFastq.pl
Checked 2010910 reads.
6801 failed.
2004109 passed.
0.00338205091227355 rejection rate.
Writing sequences to output...
Done.
2004109 sequences written to output.
Fri Jul 27 23:28:13 MDT 2018
Output from QualFilterFastq.pl
Checked 1429282 reads.
4602 failed.
1424680 passed.
0.00321979847223991 rejection rate.
Writing sequences to output...
Done.
1424680 sequences written to output.
Fri Jul 27 23:41:50 MDT 2018
Output from QualFilterFastq.pl
Checked 3683433 reads.
9964 failed.
3673469 passed.
0.00270508517461835 rejection rate.
Writing sequences to output...
Done.
3673469 sequences written to output.
Sat Jul 28 00:16:53 MDT 2018
Output from QualFilterFastq.pl
Checked 1899553 reads.
6942 failed.
1892611 passed.
0.00365454399008609 rejection rate.
Writing sequences to output...
Done.
1892611 sequences written to output.
Sat Jul 28 00:34:55 MDT 2018
