Output from QualFilterFastq.pl
Checked 2577355 reads.
7478 failed.
2569877 passed.
0.00290142413443239 rejection rate.
Writing sequences to output...
Done.
2569877 sequences written to output.
Fri Jul 27 18:27:17 MDT 2018
Output from QualFilterFastq.pl
Checked 2465823 reads.
7617 failed.
2458206 passed.
0.00308902950455081 rejection rate.
Writing sequences to output...
Done.
2458206 sequences written to output.
Fri Jul 27 18:51:42 MDT 2018
Output from QualFilterFastq.pl
Checked 2218825 reads.
6987 failed.
2211838 passed.
0.00314896397868241 rejection rate.
Writing sequences to output...
Done.
2211838 sequences written to output.
Fri Jul 27 19:14:12 MDT 2018
Output from QualFilterFastq.pl
Checked 1911235 reads.
6588 failed.
1904647 passed.
0.00344698584946383 rejection rate.
Writing sequences to output...
Done.
1904647 sequences written to output.
Fri Jul 27 19:33:22 MDT 2018
Output from QualFilterFastq.pl
Checked 1861208 reads.
6163 failed.
1855045 passed.
0.0033112903017825 rejection rate.
Writing sequences to output...
Done.
1855045 sequences written to output.
Fri Jul 27 19:51:52 MDT 2018
Output from QualFilterFastq.pl
Checked 2525635 reads.
6021 failed.
2519614 passed.
0.00238395492618688 rejection rate.
Writing sequences to output...
Done.
2519614 sequences written to output.
Fri Jul 27 20:16:22 MDT 2018
Output from QualFilterFastq.pl
Checked 3490894 reads.
8346 failed.
3482548 passed.
0.00239079158519279 rejection rate.
Writing sequences to output...
Done.
3482548 sequences written to output.
Fri Jul 27 20:50:34 MDT 2018
Output from QualFilterFastq.pl
Checked 2237866 reads.
6343 failed.
2231523 passed.
0.00283439669756813 rejection rate.
Writing sequences to output...
Done.
2231523 sequences written to output.
Fri Jul 27 21:12:48 MDT 2018
Output from QualFilterFastq.pl
Checked 1628032 reads.
5966 failed.
1622066 passed.
0.00366454713420866 rejection rate.
Writing sequences to output...
Done.
1622066 sequences written to output.
Fri Jul 27 21:28:49 MDT 2018
Output from QualFilterFastq.pl
Checked 1801845 reads.
6787 failed.
1795058 passed.
0.00376669469349472 rejection rate.
Writing sequences to output...
Done.
1795058 sequences written to output.
Fri Jul 27 21:46:25 MDT 2018
Output from QualFilterFastq.pl
Checked 1733204 reads.
6425 failed.
1726779 passed.
0.00370700736901138 rejection rate.
Writing sequences to output...
Done.
1726779 sequences written to output.
Fri Jul 27 22:03:20 MDT 2018
Output from QualFilterFastq.pl
Checked 1838716 reads.
6118 failed.
1832598 passed.
0.00332732189201595 rejection rate.
Writing sequences to output...
Done.
1832598 sequences written to output.
Fri Jul 27 22:21:18 MDT 2018
Output from QualFilterFastq.pl
Checked 2362102 reads.
7681 failed.
2354421 passed.
0.00325176474174274 rejection rate.
Writing sequences to output...
Done.
2354421 sequences written to output.
Fri Jul 27 22:44:19 MDT 2018
Output from QualFilterFastq.pl
Checked 1165391 reads.
5231 failed.
1160160 passed.
0.00448862227355454 rejection rate.
Writing sequences to output...
Done.
1160160 sequences written to output.
Fri Jul 27 22:55:42 MDT 2018
Output from QualFilterFastq.pl
Checked 1470604 reads.
4409 failed.
1466195 passed.
0.00299808786049814 rejection rate.
Writing sequences to output...
Done.
1466195 sequences written to output.
Fri Jul 27 23:10:07 MDT 2018
Output from QualFilterFastq.pl
Checked 1433509 reads.
6798 failed.
1426711 passed.
0.00474220950130065 rejection rate.
Writing sequences to output...
Done.
1426711 sequences written to output.
Fri Jul 27 23:24:03 MDT 2018
Output from QualFilterFastq.pl
Checked 1681104 reads.
6230 failed.
1674874 passed.
0.00370589802891433 rejection rate.
Writing sequences to output...
Done.
1674874 sequences written to output.
Fri Jul 27 23:40:30 MDT 2018
