Output from QualFilterFastq.pl
Checked 2280751 reads.
6791 failed.
2273960 passed.
0.00297752801599122 rejection rate.
Writing sequences to output...
Done.
2273960 sequences written to output.
Fri Jul 27 18:25:33 MDT 2018
Output from QualFilterFastq.pl
Checked 1953043 reads.
7444 failed.
1945599 passed.
0.0038114880215131 rejection rate.
Writing sequences to output...
Done.
1945599 sequences written to output.
Fri Jul 27 18:44:48 MDT 2018
Output from QualFilterFastq.pl
Checked 2050260 reads.
7179 failed.
2043081 passed.
0.00350150712592549 rejection rate.
Writing sequences to output...
Done.
2043081 sequences written to output.
Fri Jul 27 19:05:06 MDT 2018
Output from QualFilterFastq.pl
Checked 1589859 reads.
6193 failed.
1583666 passed.
0.00389531398696362 rejection rate.
Writing sequences to output...
Done.
1583666 sequences written to output.
Fri Jul 27 19:20:48 MDT 2018
Output from QualFilterFastq.pl
Checked 1955074 reads.
6260 failed.
1948814 passed.
0.00320192483762763 rejection rate.
Writing sequences to output...
Done.
1948814 sequences written to output.
Fri Jul 27 19:40:12 MDT 2018
Output from QualFilterFastq.pl
Checked 2751449 reads.
7637 failed.
2743812 passed.
0.0027756284052512 rejection rate.
Writing sequences to output...
Done.
2743812 sequences written to output.
Fri Jul 27 20:06:58 MDT 2018
Output from QualFilterFastq.pl
Checked 2237282 reads.
5984 failed.
2231298 passed.
0.00267467400175749 rejection rate.
Writing sequences to output...
Done.
2231298 sequences written to output.
Fri Jul 27 20:28:37 MDT 2018
Output from QualFilterFastq.pl
Checked 1936285 reads.
7108 failed.
1929177 passed.
0.00367094720043795 rejection rate.
Writing sequences to output...
Done.
1929177 sequences written to output.
Fri Jul 27 20:47:29 MDT 2018
Output from QualFilterFastq.pl
Checked 2153110 reads.
7399 failed.
2145711 passed.
0.00343642452080943 rejection rate.
Writing sequences to output...
Done.
2145711 sequences written to output.
Fri Jul 27 21:08:29 MDT 2018
Output from QualFilterFastq.pl
Checked 2104551 reads.
7037 failed.
2097514 passed.
0.00334370609217833 rejection rate.
Writing sequences to output...
Done.
2097514 sequences written to output.
Fri Jul 27 21:28:54 MDT 2018
Output from QualFilterFastq.pl
Checked 1395953 reads.
6396 failed.
1389557 passed.
0.00458181614997067 rejection rate.
Writing sequences to output...
Done.
1389557 sequences written to output.
Fri Jul 27 21:42:26 MDT 2018
Output from QualFilterFastq.pl
Checked 2310203 reads.
8530 failed.
2301673 passed.
0.00369231621636713 rejection rate.
Writing sequences to output...
Done.
2301673 sequences written to output.
Fri Jul 27 22:04:58 MDT 2018
Output from QualFilterFastq.pl
Checked 1175731 reads.
5306 failed.
1170425 passed.
0.00451293705788144 rejection rate.
Writing sequences to output...
Done.
1170425 sequences written to output.
Fri Jul 27 22:16:20 MDT 2018
Output from QualFilterFastq.pl
Checked 3590705 reads.
6671 failed.
3584034 passed.
0.00185785242730884 rejection rate.
Writing sequences to output...
Done.
3584034 sequences written to output.
Fri Jul 27 22:50:46 MDT 2018
Output from QualFilterFastq.pl
Checked 2883169 reads.
8619 failed.
2874550 passed.
0.00298941893451268 rejection rate.
Writing sequences to output...
Done.
2874550 sequences written to output.
Fri Jul 27 23:18:43 MDT 2018
Output from QualFilterFastq.pl
Checked 2692220 reads.
8683 failed.
2683537 passed.
0.00322521933571551 rejection rate.
Writing sequences to output...
Done.
2683537 sequences written to output.
Fri Jul 27 23:44:31 MDT 2018
Output from QualFilterFastq.pl
Checked 1667570 reads.
6747 failed.
1660823 passed.
0.00404600706417122 rejection rate.
Writing sequences to output...
Done.
1660823 sequences written to output.
Sat Jul 28 00:00:41 MDT 2018
